[INIT] Bot starting...
[INFO] Max users: 50, Max attacks per user: 10, Max threads: 1000
[INFO] Connecting to C2: 127.0.0.1:1337
[INFO] Connected! Waiting for authentication...
[INFO] Sent username: x86_64
[DEBUG] Generated HMAC-SHA256 for arch 'x86_64'
[INFO] Authenticated successfully
[INFO] Authenticated successfully with HMAC
[INFO] Entering command loop...
[ERROR] Connection lost (recv_size=0), reconnecting...
[INFO] Connection closed, retrying in 5s...
[INFO] Connecting to C2: 127.0.0.1:1337
[INFO] Connected! Waiting for authentication...
[INFO] Sent username: x86_64
[DEBUG] Generated HMAC-SHA256 for arch 'x86_64'
[INFO] Authenticated successfully
[INFO] Authenticated successfully with HMAC
[INFO] Entering command loop...
[ERROR] Connection lost (recv_size=0), reconnecting...
[INFO] Connection closed, retrying in 5s...
[INFO] Connecting to C2: 127.0.0.1:1337
[INFO] Connected! Waiting for authentication...
[INFO] Sent username: x86_64
[DEBUG] Generated HMAC-SHA256 for arch 'x86_64'
[INFO] Authenticated successfully
[INFO] Authenticated successfully with HMAC
[INFO] Entering command loop...
[ERROR] Connection lost (recv_size=0), reconnecting...
[INFO] Connection closed, retrying in 5s...
[INFO] Connecting to C2: 127.0.0.1:1337
[INFO] Connected! Waiting for authentication...
[INFO] Sent username: x86_64
[DEBUG] Generated HMAC-SHA256 for arch 'x86_64'
[INFO] Authenticated successfully
[INFO] Authenticated successfully with HMAC
[INFO] Entering command loop...
[ERROR] Connection lost (recv_size=0), reconnecting...
[INFO] Connection closed, retrying in 5s...
[INFO] Connecting to C2: 127.0.0.1:1337
[INFO] Connected! Waiting for authentication...
[INFO] Sent username: x86_64
[DEBUG] Generated HMAC-SHA256 for arch 'x86_64'
[INFO] Authenticated successfully
[INFO] Authenticated successfully with HMAC
[INFO] Entering command loop...
[ERROR] Connection lost (recv_size=0), reconnecting...
[INFO] Connection closed, retrying in 5s...
[INFO] Connecting to C2: 127.0.0.1:1337
[INFO] Connected! Waiting for authentication...
[INFO] Sent username: x86_64
[DEBUG] Generated HMAC-SHA256 for arch 'x86_64'
[INFO] Authenticated successfully
[INFO] Authenticated successfully with HMAC
[INFO] Entering command loop...
[ERROR] Connection lost (recv_size=0), reconnecting...
[INFO] Connection closed, retrying in 5s...
[INFO] Connecting to C2: 127.0.0.1:1337
[INFO] Connected! Waiting for authentication...
[INFO] Sent username: x86_64
[DEBUG] Generated HMAC-SHA256 for arch 'x86_64'
[INFO] Authenticated successfully
[INFO] Authenticated successfully with HMAC
[INFO] Entering command loop...
[ERROR] Connection lost (recv_size=0), reconnecting...
[INFO] Connection closed, retrying in 5s...
[INFO] Connecting to C2: 127.0.0.1:1337
[INFO] Connected! Waiting for authentication...
[INFO] Sent username: x86_64
[DEBUG] Generated HMAC-SHA256 for arch 'x86_64'
[INFO] Authenticated successfully
[INFO] Authenticated successfully with HMAC
[INFO] Entering command loop...
[ERROR] Connection lost (recv_size=0), reconnecting...
[INFO] Connection closed, retrying in 5s...
[INFO] Connecting to C2: 127.0.0.1:1337
[INFO] Connected! Waiting for authentication...
[INFO] Sent username: x86_64
[DEBUG] Generated HMAC-SHA256 for arch 'x86_64'
[INFO] Authenticated successfully
[INFO] Authenticated successfully with HMAC
[INFO] Entering command loop...
[ERROR] Connection lost (recv_size=0), reconnecting...
[INFO] Connection closed, retrying in 5s...
[INFO] Connecting to C2: 127.0.0.1:1337
[INFO] Connected! Waiting for authentication...
[INFO] Sent username: x86_64
[DEBUG] Generated HMAC-SHA256 for arch 'x86_64'
[INFO] Authenticated successfully
[INFO] Authenticated successfully with HMAC
[INFO] Entering command loop...
[ERROR] Connection lost (recv_size=0), reconnecting...
[INFO] Connection closed, retrying in 5s...
[INFO] Connecting to C2: 127.0.0.1:1337
[INFO] Connected! Waiting for authentication...
[INFO] Sent username: x86_64
[DEBUG] Generated HMAC-SHA256 for arch 'x86_64'
[INFO] Authenticated successfully
[INFO] Authenticated successfully with HMAC
[INFO] Entering command loop...
[ERROR] Connection lost (recv_size=0), reconnecting...
[INFO] Connection closed, retrying in 5s...
[INFO] Connecting to C2: 127.0.0.1:1337
[INFO] Connected! Waiting for authentication...
[INFO] Sent username: x86_64
[DEBUG] Generated HMAC-SHA256 for arch 'x86_64'
[INFO] Authenticated successfully
[INFO] Authenticated successfully with HMAC
[INFO] Entering command loop...
[ERROR] Connection lost (recv_size=0), reconnecting...
[INFO] Connection closed, retrying in 5s...
[INFO] Connecting to C2: 127.0.0.1:1337
[INFO] Connected! Waiting for authentication...
[INFO] Sent username: x86_64
[DEBUG] Generated HMAC-SHA256 for arch 'x86_64'
[INFO] Authenticated successfully
[INFO] Authenticated successfully with HMAC
[INFO] Entering command loop...
[ERROR] Connection lost (recv_size=0), reconnecting...
[INFO] Connection closed, retrying in 5s...
[INFO] Connecting to C2: 127.0.0.1:1337
[INFO] Connected! Waiting for authentication...
[INFO] Sent username: x86_64
[DEBUG] Generated HMAC-SHA256 for arch 'x86_64'
[INFO] Authenticated successfully
[INFO] Authenticated successfully with HMAC
[INFO] Entering command loop...
[ERROR] Connection lost (recv_size=0), reconnecting...
[INFO] Connection closed, retrying in 5s...
[INFO] Connecting to C2: 127.0.0.1:1337
[INFO] Connected! Waiting for authentication...
[INFO] Sent username: x86_64
[DEBUG] Generated HMAC-SHA256 for arch 'x86_64'
[INFO] Authenticated successfully
[INFO] Authenticated successfully with HMAC
[INFO] Entering command loop...
[ERROR] Connection lost (recv_size=0), reconnecting...
[INFO] Connection closed, retrying in 5s...
[INFO] Connecting to C2: 127.0.0.1:1337
[INFO] Connected! Waiting for authentication...
[INFO] Sent username: x86_64
[DEBUG] Generated HMAC-SHA256 for arch 'x86_64'
[INFO] Authenticated successfully
[INFO] Authenticated successfully with HMAC
[INFO] Entering command loop...
[ERROR] Connection lost (recv_size=0), reconnecting...
[INFO] Connection closed, retrying in 5s...
[INFO] Connecting to C2: 127.0.0.1:1337
[INFO] Connected! Waiting for authentication...
[INFO] Sent username: x86_64
[DEBUG] Generated HMAC-SHA256 for arch 'x86_64'
[INFO] Authenticated successfully
[INFO] Authenticated successfully with HMAC
[INFO] Entering command loop...
[ERROR] Connection lost (recv_size=0), reconnecting...
[INFO] Connection closed, retrying in 5s...
[INFO] Connecting to C2: 127.0.0.1:1337
[INFO] Connected! Waiting for authentication...
[INFO] Sent username: x86_64
[DEBUG] Generated HMAC-SHA256 for arch 'x86_64'
[INFO] Authenticated successfully
[INFO] Authenticated successfully with HMAC
[INFO] Entering command loop...
[ERROR] Connection lost (recv_size=0), reconnecting...
[INFO] Connection closed, retrying in 5s...
[INFO] Connecting to C2: 127.0.0.1:1337
[INFO] Connected! Waiting for authentication...
[INFO] Sent username: x86_64
[DEBUG] Generated HMAC-SHA256 for arch 'x86_64'
[INFO] Authenticated successfully
[INFO] Authenticated successfully with HMAC
[INFO] Entering command loop...
[ERROR] Connection lost (recv_size=0), reconnecting...
[INFO] Connection closed, retrying in 5s...
[INFO] Connecting to C2: 127.0.0.1:1337
[INFO] Connected! Waiting for authentication...
[INFO] Sent username: x86_64
[DEBUG] Generated HMAC-SHA256 for arch 'x86_64'
[INFO] Authenticated successfully
[INFO] Authenticated successfully with HMAC
[INFO] Entering command loop...
[ERROR] Connection lost (recv_size=0), reconnecting...
[INFO] Connection closed, retrying in 5s...
[INFO] Connecting to C2: 127.0.0.1:1337
[INFO] Connected! Waiting for authentication...
[INFO] Sent username: x86_64
[DEBUG] Generated HMAC-SHA256 for arch 'x86_64'
[INFO] Authenticated successfully
[INFO] Authenticated successfully with HMAC
[INFO] Entering command loop...
[ERROR] Connection lost (recv_size=0), reconnecting...
[INFO] Connection closed, retrying in 5s...
[INFO] Connecting to C2: 127.0.0.1:1337
[INFO] Connected! Waiting for authentication...
[INFO] Sent username: x86_64
[DEBUG] Generated HMAC-SHA256 for arch 'x86_64'
[INFO] Authenticated successfully
[INFO] Authenticated successfully with HMAC
[INFO] Entering command loop...
[ERROR] Connection lost (recv_size=0), reconnecting...
[INFO] Connection closed, retrying in 5s...
[INFO] Connecting to C2: 127.0.0.1:1337
[INFO] Connected! Waiting for authentication...
[INFO] Sent username: x86_64
[DEBUG] Generated HMAC-SHA256 for arch 'x86_64'
[INFO] Authenticated successfully
[INFO] Authenticated successfully with HMAC
[INFO] Entering command loop...
[ERROR] Connection lost (recv_size=0), reconnecting...
[INFO] Connection closed, retrying in 5s...
[INFO] Connecting to C2: 127.0.0.1:1337
[INFO] Connected! Waiting for authentication...
[INFO] Sent username: x86_64
[DEBUG] Generated HMAC-SHA256 for arch 'x86_64'
[INFO] Authenticated successfully
[INFO] Authenticated successfully with HMAC
[INFO] Entering command loop...
[ERROR] Connection lost (recv_size=0), reconnecting...
[INFO] Connection closed, retrying in 5s...
[INFO] Connecting to C2: 127.0.0.1:1337
[INFO] Connected! Waiting for authentication...
[INFO] Sent username: x86_64
[DEBUG] Generated HMAC-SHA256 for arch 'x86_64'
[INFO] Authenticated successfully
[INFO] Authenticated successfully with HMAC
[INFO] Entering command loop...
[ERROR] Connection lost (recv_size=0), reconnecting...
[INFO] Connection closed, retrying in 5s...
[INFO] Connecting to C2: 127.0.0.1:1337
[INFO] Connected! Waiting for authentication...
[INFO] Sent username: x86_64
[DEBUG] Generated HMAC-SHA256 for arch 'x86_64'
[INFO] Authenticated successfully
[INFO] Authenticated successfully with HMAC
[INFO] Entering command loop...
[ERROR] Connection lost (recv_size=0), reconnecting...
[INFO] Connection closed, retrying in 5s...
[INFO] Connecting to C2: 127.0.0.1:1337
[INFO] Connected! Waiting for authentication...
[INFO] Sent username: x86_64
[DEBUG] Generated HMAC-SHA256 for arch 'x86_64'
[INFO] Authenticated successfully
[INFO] Authenticated successfully with HMAC
[INFO] Entering command loop...
[ERROR] Connection lost (recv_size=0), reconnecting...
[INFO] Connection closed, retrying in 5s...
[INFO] Connecting to C2: 127.0.0.1:1337
[INFO] Connected! Waiting for authentication...
[INFO] Sent username: x86_64
[DEBUG] Generated HMAC-SHA256 for arch 'x86_64'
[INFO] Authenticated successfully
[INFO] Authenticated successfully with HMAC
[INFO] Entering command loop...
[ERROR] Connection lost (recv_size=0), reconnecting...
[INFO] Connection closed, retrying in 5s...
[INFO] Connecting to C2: 127.0.0.1:1337
[INFO] Connected! Waiting for authentication...
[INFO] Sent username: x86_64
[DEBUG] Generated HMAC-SHA256 for arch 'x86_64'
[INFO] Authenticated successfully
[INFO] Authenticated successfully with HMAC
[INFO] Entering command loop...
[ERROR] Connection lost (recv_size=0), reconnecting...
[INFO] Connection closed, retrying in 5s...
[INFO] Connecting to C2: 127.0.0.1:1337
[INFO] Connected! Waiting for authentication...
[INFO] Sent username: x86_64
[DEBUG] Generated HMAC-SHA256 for arch 'x86_64'
[INFO] Authenticated successfully
[INFO] Authenticated successfully with HMAC
[INFO] Entering command loop...
[ERROR] Connection lost (recv_size=0), reconnecting...
[INFO] Connection closed, retrying in 5s...
[INFO] Connecting to C2: 127.0.0.1:1337
[INFO] Connected! Waiting for authentication...
[INFO] Sent username: x86_64
[DEBUG] Generated HMAC-SHA256 for arch 'x86_64'
[INFO] Authenticated successfully
[INFO] Authenticated successfully with HMAC
[INFO] Entering command loop...
[ERROR] Connection lost (recv_size=0), reconnecting...
[INFO] Connection closed, retrying in 5s...
[INFO] Connecting to C2: 127.0.0.1:1337
[INFO] Connected! Waiting for authentication...
[INFO] Sent username: x86_64
[DEBUG] Generated HMAC-SHA256 for arch 'x86_64'
[INFO] Authenticated successfully
[INFO] Authenticated successfully with HMAC
[INFO] Entering command loop...
[ERROR] Connection lost (recv_size=0), reconnecting...
[INFO] Connection closed, retrying in 5s...
[INFO] Connecting to C2: 127.0.0.1:1337
[INFO] Connected! Waiting for authentication...
[INFO] Sent username: x86_64
[DEBUG] Generated HMAC-SHA256 for arch 'x86_64'
[INFO] Authenticated successfully
[INFO] Authenticated successfull